<?xml version="1.0" encoding="UTF-8" ?>
<testsuite tests="4" failures="0" name="com.kbogova.summatrixes.MatrixesSummatorTest" time="0.121" errors="0" skipped="0">
  <properties>
[...]
</properties>
  <testcase classname="com.kbogova.summatrixes.MatrixesSummatorTest" name="com.kbogova.summatrixes.MatrixesSummatorTest.testRun_WrongDimensions" time="0.071"/>
  <testcase classname="com.kbogova.summatrixes.MatrixesSummatorTest" name="com.kbogova.summatrixes.MatrixesSummatorTest.testRun_EmptyFile" time="0"/>
  <testcase classname="com.kbogova.summatrixes.MatrixesSummatorTest" name="com.kbogova.summatrixes.MatrixesSummatorTest.testRun_3x3" time="0.044"/>
  <testcase classname="com.kbogova.summatrixes.MatrixesSummatorTest" name="com.kbogova.summatrixes.MatrixesSummatorTest.testRun_WrongFileStructure" time="0.006"/>
</testsuite>